<?xml version="1.0" encoding="UTF-8"?>
<testng-results skipped="0" failed="0" ignored="0" total="1" passed="1">
  <reporter-output>
  </reporter-output>
  <suite name="Default suite" duration-ms="10298" started-at="2019-08-24T11:35:12Z" finished-at="2019-08-24T11:35:22Z">
    <groups>
    </groups>
    <test name="Default test" duration-ms="10298" started-at="2019-08-24T11:35:12Z" finished-at="2019-08-24T11:35:22Z">
      <class name="others.tool_tip_text">
        <test-method status="PASS" signature="tooltip()[pri:0, instance:others.tool_tip_text@7bb11784]" name="tooltip" duration-ms="10242" started-at="2019-08-24T17:05:12Z" finished-at="2019-08-24T17:05:22Z">
          <reporter-output>
          </reporter-output>
        </test-method> <!-- tooltip -->
      </class> <!-- others.tool_tip_text -->
    </test> <!-- Default test -->
  </suite> <!-- Default suite -->
</testng-results>
